<?xml version="1.0" encoding="UTF-8"?>
<testng-results ignored="0" total="1" passed="1" failed="0" skipped="0">
  <reporter-output>
  </reporter-output>
  <suite started-at="2021-03-21T18:52:33Z" name="Suite" finished-at="2021-03-21T18:52:41Z" duration-ms="8073">
    <groups>
    </groups>
    <test started-at="2021-03-21T18:52:33Z" name="Test" finished-at="2021-03-21T18:52:41Z" duration-ms="8073">
      <class name="com.testCases.FacebookTestCase">
        <test-method is-config="true" signature="beforeMethod()[pri:0, instance:com.testCases.FacebookTestCase@1e7aa82b]" started-at="2021-03-21T18:52:33Z" name="beforeMethod" finished-at="2021-03-21T18:52:33Z" duration-ms="214" status="PASS">
          <reporter-output>
          </reporter-output>
        </test-method> <!-- beforeMethod -->
        <test-method is-config="true" signature="beforeMethod(java.lang.reflect.Method, org.testng.ITestContext)[pri:0, instance:com.testCases.FacebookTestCase@1e7aa82b]" started-at="2021-03-21T18:52:33Z" name="beforeMethod" finished-at="2021-03-21T18:52:36Z" duration-ms="2471" status="PASS">
          <params>
            <param index="0">
              <value>
                <![CDATA[public void com.testCases.FacebookTestCase.facebookTC1() throws java.io.IOException]]>
              </value>
            </param>
            <param index="1">
              <value>
                <![CDATA[org.testng.TestRunner@1ce93c18]]>
              </value>
            </param>
          </params>
          <reporter-output>
          </reporter-output>
        </test-method> <!-- beforeMethod -->
        <test-method signature="facebookTC1()[pri:0, instance:com.testCases.FacebookTestCase@1e7aa82b]" started-at="2021-03-21T18:52:36Z" name="facebookTC1" finished-at="2021-03-21T18:52:40Z" duration-ms="4344" status="PASS">
          <reporter-output>
          </reporter-output>
        </test-method> <!-- facebookTC1 -->
        <test-method is-config="true" signature="afterMethod(java.lang.reflect.Method, org.testng.ITestContext, org.testng.ITestResult)[pri:0, instance:com.testCases.FacebookTestCase@1e7aa82b]" started-at="2021-03-21T18:52:40Z" name="afterMethod" finished-at="2021-03-21T18:52:41Z" duration-ms="827" status="PASS">
          <params>
            <param index="0">
              <value>
                <![CDATA[public void com.testCases.FacebookTestCase.facebookTC1() throws java.io.IOException]]>
              </value>
            </param>
            <param index="1">
              <value>
                <![CDATA[org.testng.TestRunner@1ce93c18]]>
              </value>
            </param>
            <param index="2">
              <value>
                <![CDATA[[TestResult name=facebookTC1 status=SUCCESS method=FacebookTestCase.facebookTC1()[pri:0, instance:com.testCases.FacebookTestCase@1e7aa82b] output={null}]]]>
              </value>
            </param>
          </params>
          <reporter-output>
          </reporter-output>
        </test-method> <!-- afterMethod -->
        <test-method is-config="true" signature="tearDown()[pri:0, instance:com.testCases.FacebookTestCase@1e7aa82b]" started-at="2021-03-21T18:52:41Z" name="tearDown" finished-at="2021-03-21T18:52:41Z" duration-ms="403" status="PASS">
          <reporter-output>
          </reporter-output>
        </test-method> <!-- tearDown -->
      </class> <!-- com.testCases.FacebookTestCase -->
    </test> <!-- Test -->
  </suite> <!-- Suite -->
</testng-results>
